c:\work\cvxnew\mpin-mobile-sdk\src\winphone\mpin\mpinrc\mpinconnect\cvxcode.obj
c:\work\cvxnew\mpin-mobile-sdk\src\winphone\mpin\mpinrc\mpinconnect\utils.obj
c:\work\cvxnew\mpin-mobile-sdk\src\winphone\mpin\mpinrc\mpinconnect\mpin_crypto_non_tee.obj
c:\work\cvxnew\mpin-mobile-sdk\src\winphone\mpin\mpinrc\mpinconnect\mpinwrapper.obj
c:\work\cvxnew\mpin-mobile-sdk\src\winphone\mpin\mpinrc\mpinconnect\mpin_sdk.obj
c:\work\cvxnew\mpin-mobile-sdk\src\winphone\mpin\mpinrc\mpinconnect\storage.obj
c:\work\cvxnew\mpin-mobile-sdk\src\winphone\mpin\mpinrc\mpinconnect\cvstring.obj
c:\work\cvxnew\mpin-mobile-sdk\src\winphone\mpin\mpinrc\mpinconnect\httprequest.obj
c:\work\cvxnew\mpin-mobile-sdk\src\winphone\mpin\mpinrc\mpinconnect\vc120.pdb
c:\work\cvxnew\mpin-mobile-sdk\src\winphone\mpin\mpinrc\mpinconnect\aes.obj
c:\work\cvxnew\mpin-mobile-sdk\src\winphone\mpin\mpinrc\mpinconnect\ff.obj
c:\work\cvxnew\mpin-mobile-sdk\src\winphone\mpin\mpinrc\mpinconnect\oct.obj
c:\work\cvxnew\mpin-mobile-sdk\src\winphone\mpin\mpinrc\mpinconnect\ecp2.obj
c:\work\cvxnew\mpin-mobile-sdk\src\winphone\mpin\mpinrc\mpinconnect\fp12.obj
c:\work\cvxnew\mpin-mobile-sdk\src\winphone\mpin\mpinrc\mpinconnect\hash.obj
c:\work\cvxnew\mpin-mobile-sdk\src\winphone\mpin\mpinrc\mpinconnect\pair.obj
c:\work\cvxnew\mpin-mobile-sdk\src\winphone\mpin\mpinrc\mpinconnect\big.obj
c:\work\cvxnew\mpin-mobile-sdk\src\winphone\mpin\mpinrc\mpinconnect\fp.obj
c:\work\cvxnew\mpin-mobile-sdk\src\winphone\mpin\mpinrc\mpinconnect\gcm.obj
c:\work\cvxnew\mpin-mobile-sdk\src\winphone\mpin\mpinrc\mpinconnect\rand.obj
c:\work\cvxnew\mpin-mobile-sdk\src\winphone\mpin\mpinrc\mpinconnect\ecp.obj
c:\work\cvxnew\mpin-mobile-sdk\src\winphone\mpin\mpinrc\mpinconnect\fp2.obj
c:\work\cvxnew\mpin-mobile-sdk\src\winphone\mpin\mpinrc\mpinconnect\mpin.obj
c:\work\cvxnew\mpin-mobile-sdk\src\winphone\mpin\mpinrc\mpinconnect\rom.obj
c:\work\cvxnew\mpin-mobile-sdk\src\winphone\mpin\mpinrc\mpinconnect\mpinrc.vcxprojresolveassemblyreference.cache
c:\work\cvxnew\mpin-mobile-sdk\src\winphone\mpin\mpinrc\mpinconnect\mpinrc.tlog\cl.command.1.tlog
c:\work\cvxnew\mpin-mobile-sdk\src\winphone\mpin\mpinrc\mpinconnect\mpinrc.tlog\cl.read.1.tlog
c:\work\cvxnew\mpin-mobile-sdk\src\winphone\mpin\mpinrc\mpinconnect\mpinrc.tlog\cl.read.2.tlog
c:\work\cvxnew\mpin-mobile-sdk\src\winphone\mpin\mpinrc\mpinconnect\mpinrc.tlog\cl.read.3.tlog
c:\work\cvxnew\mpin-mobile-sdk\src\winphone\mpin\mpinrc\mpinconnect\mpinrc.tlog\cl.read.4.tlog
c:\work\cvxnew\mpin-mobile-sdk\src\winphone\mpin\mpinrc\mpinconnect\mpinrc.tlog\cl.write.1.tlog
