c:\work\cvxnew\mpin-mobile-sdk\src\winphone\mpin\mpinrc\arm\mpinconnect\cvxcode.obj
c:\work\cvxnew\mpin-mobile-sdk\src\winphone\mpin\mpinrc\arm\mpinconnect\utils.obj
c:\work\cvxnew\mpin-mobile-sdk\src\winphone\mpin\mpinrc\arm\mpinconnect\httprequest.obj
c:\work\cvxnew\mpin-mobile-sdk\src\winphone\mpin\mpinrc\arm\mpinconnect\mpin_crypto_non_tee.obj
c:\work\cvxnew\mpin-mobile-sdk\src\winphone\mpin\mpinrc\arm\mpinconnect\storage.obj
c:\work\cvxnew\mpin-mobile-sdk\src\winphone\mpin\mpinrc\arm\mpinconnect\cvstring.obj
c:\work\cvxnew\mpin-mobile-sdk\src\winphone\mpin\mpinrc\arm\mpinconnect\mpinwrapper.obj
c:\work\cvxnew\mpin-mobile-sdk\src\winphone\mpin\mpinrc\arm\mpinconnect\mpin_sdk.obj
c:\work\cvxnew\mpin-mobile-sdk\src\winphone\mpin\mpinrc\arm\mpinconnect\vc120.pdb
c:\work\cvxnew\mpin-mobile-sdk\src\winphone\mpin\mpinrc\arm\mpinconnect\aes.obj
c:\work\cvxnew\mpin-mobile-sdk\src\winphone\mpin\mpinrc\arm\mpinconnect\ff.obj
c:\work\cvxnew\mpin-mobile-sdk\src\winphone\mpin\mpinrc\arm\mpinconnect\gcm.obj
c:\work\cvxnew\mpin-mobile-sdk\src\winphone\mpin\mpinrc\arm\mpinconnect\rand.obj
c:\work\cvxnew\mpin-mobile-sdk\src\winphone\mpin\mpinrc\arm\mpinconnect\version.obj
c:\work\cvxnew\mpin-mobile-sdk\src\winphone\mpin\mpinrc\arm\mpinconnect\ecp2.obj
c:\work\cvxnew\mpin-mobile-sdk\src\winphone\mpin\mpinrc\arm\mpinconnect\fp2.obj
c:\work\cvxnew\mpin-mobile-sdk\src\winphone\mpin\mpinrc\arm\mpinconnect\mpin.obj
c:\work\cvxnew\mpin-mobile-sdk\src\winphone\mpin\mpinrc\arm\mpinconnect\rom.obj
c:\work\cvxnew\mpin-mobile-sdk\src\winphone\mpin\mpinrc\arm\mpinconnect\big.obj
c:\work\cvxnew\mpin-mobile-sdk\src\winphone\mpin\mpinrc\arm\mpinconnect\fp.obj
c:\work\cvxnew\mpin-mobile-sdk\src\winphone\mpin\mpinrc\arm\mpinconnect\hash.obj
c:\work\cvxnew\mpin-mobile-sdk\src\winphone\mpin\mpinrc\arm\mpinconnect\pair.obj
c:\work\cvxnew\mpin-mobile-sdk\src\winphone\mpin\mpinrc\arm\mpinconnect\ecp.obj
c:\work\cvxnew\mpin-mobile-sdk\src\winphone\mpin\mpinrc\arm\mpinconnect\fp12.obj
c:\work\cvxnew\mpin-mobile-sdk\src\winphone\mpin\mpinrc\arm\mpinconnect\oct.obj
c:\work\cvxnew\mpin-mobile-sdk\src\winphone\mpin\mpinrc\arm\mpinconnect\fp4.obj
c:\work\cvxnew\mpin-mobile-sdk\src\winphone\mpin\arm\mpinconnect\mpinrc\mpinrc.dll
c:\work\cvxnew\mpin-mobile-sdk\src\winphone\mpin\arm\mpinconnect\mpinrc\mpinrc.winmd
c:\work\cvxnew\mpin-mobile-sdk\src\winphone\mpin\arm\mpinconnect\mpinrc\mpinrc.pdb
c:\work\cvxnew\mpin-mobile-sdk\src\winphone\mpin\arm\mpinconnect\mpinrc\mpinrc.lib
c:\work\cvxnew\mpin-mobile-sdk\src\winphone\mpin\arm\mpinconnect\mpinrc\mpinrc.exp
c:\work\cvxnew\mpin-mobile-sdk\src\winphone\mpin\mpinrc\arm\mpinconnect\priconfig.xml
c:\work\cvxnew\mpin-mobile-sdk\src\winphone\mpin\mpinrc\arm\mpinconnect\priconfig.xml.intermediate
c:\work\cvxnew\mpin-mobile-sdk\src\winphone\mpin\mpinrc\arm\mpinconnect\layout.resfiles
c:\work\cvxnew\mpin-mobile-sdk\src\winphone\mpin\mpinrc\arm\mpinconnect\layout.resfiles.intermediate
c:\work\cvxnew\mpin-mobile-sdk\src\winphone\mpin\mpinrc\arm\mpinconnect\resources.resfiles
c:\work\cvxnew\mpin-mobile-sdk\src\winphone\mpin\mpinrc\arm\mpinconnect\resources.resfiles.intermediate
c:\work\cvxnew\mpin-mobile-sdk\src\winphone\mpin\mpinrc\arm\mpinconnect\pri.resfiles
c:\work\cvxnew\mpin-mobile-sdk\src\winphone\mpin\mpinrc\arm\mpinconnect\pri.resfiles.intermediate
c:\work\cvxnew\mpin-mobile-sdk\src\winphone\mpin\arm\mpinconnect\mpinrc\mpinrc.pri
c:\work\cvxnew\mpin-mobile-sdk\src\winphone\mpin\mpinrc\arm\mpinconnect\qualifiers.txt
c:\work\cvxnew\mpin-mobile-sdk\src\winphone\mpin\mpinrc\arm\mpinconnect\qualifiers.txt.intermediate
c:\work\cvxnew\mpin-mobile-sdk\src\winphone\mpin\mpinrc\arm\mpinconnect\multiplequalifiersperdimensionfound.txt
c:\work\cvxnew\mpin-mobile-sdk\src\winphone\mpin\mpinrc\arm\mpinconnect\mpinrc.vcxprojresolveassemblyreference.cache
c:\work\cvxnew\mpin-mobile-sdk\src\winphone\mpin\mpinrc\arm\mpinconnect\mpinrc.tlog\cl.command.1.tlog
c:\work\cvxnew\mpin-mobile-sdk\src\winphone\mpin\mpinrc\arm\mpinconnect\mpinrc.tlog\cl.read.1.tlog
c:\work\cvxnew\mpin-mobile-sdk\src\winphone\mpin\mpinrc\arm\mpinconnect\mpinrc.tlog\cl.write.1.tlog
c:\work\cvxnew\mpin-mobile-sdk\src\winphone\mpin\mpinrc\arm\mpinconnect\mpinrc.tlog\link.command.1.tlog
c:\work\cvxnew\mpin-mobile-sdk\src\winphone\mpin\mpinrc\arm\mpinconnect\mpinrc.tlog\link.read.1.tlog
c:\work\cvxnew\mpin-mobile-sdk\src\winphone\mpin\mpinrc\arm\mpinconnect\mpinrc.tlog\link.write.1.tlog
c:\work\cvxnew\mpin-mobile-sdk\src\winphone\mpin\mpinrc\arm\mpinconnect\mpinrc.tlog\mpinrc.read.1u.tlog
c:\work\cvxnew\mpin-mobile-sdk\src\winphone\mpin\mpinrc\arm\mpinconnect\mpinrc.tlog\mpinrc.write.1u.tlog
